proguard/seeds.txt
com.android.myappfangf.R$color: int alpha_00
com.android.myappfangf.R$color: int b1
com.android.myappfangf.R$color: int bl_blue
com.android.myappfangf.R$color: int black
com.android.myappfangf.R$color: int dialog_title_background
com.android.myappfangf.R$color: int gray
com.android.myappfangf.R$color: int green
com.android.myappfangf.R$color: int light_green
com.android.myappfangf.R$color: int metting_drag
com.android.myappfangf.R$color: int orange
com.android.myappfangf.R$color: int red
com.android.myappfangf.R$color: int rf_bp_blue
com.android.myappfangf.R$color: int rf_bp_c1
com.android.myappfangf.R$color: int rf_bp_c2
com.android.myappfangf.R$color: int rf_bp_page
com.android.myappfangf.R$color: int searchView_title_color
com.android.myappfangf.R$color: int text_c1
com.android.myappfangf.R$color: int title_background
com.android.myappfangf.R$color: int wallpaper_mask
com.android.myappfangf.R$color: int white
com.android.myappfangf.R$dimen: int activity_horizontal_margin
com.android.myappfangf.R$dimen: int activity_vertical_margin
com.android.myappfangf.R$drawable: int b1
com.android.myappfangf.R$drawable: int back_btn_down
com.android.myappfangf.R$drawable: int back_btn_up
com.android.myappfangf.R$drawable: int btn1
com.android.myappfangf.R$drawable: int btn2
com.android.myappfangf.R$drawable: int btn3
com.android.myappfangf.R$drawable: int btn4
com.android.myappfangf.R$drawable: int btn5
com.android.myappfangf.R$drawable: int btn6
com.android.myappfangf.R$drawable: int btn7
com.android.myappfangf.R$drawable: int btn_back
com.android.myappfangf.R$drawable: int btn_exit
com.android.myappfangf.R$drawable: int btn_style_one_disabled
com.android.myappfangf.R$drawable: int btn_style_two_focused
com.android.myappfangf.R$drawable: int btn_style_two_normal
com.android.myappfangf.R$drawable: int btn_style_two_pressed
com.android.myappfangf.R$drawable: int down1
com.android.myappfangf.R$drawable: int down2
com.android.myappfangf.R$drawable: int down3
com.android.myappfangf.R$drawable: int down4
com.android.myappfangf.R$drawable: int down5
com.android.myappfangf.R$drawable: int down6
com.android.myappfangf.R$drawable: int down7
com.android.myappfangf.R$drawable: int exit_dialog_bg
com.android.myappfangf.R$drawable: int fp_list_select
com.android.myappfangf.R$drawable: int fp_list_selected_background
com.android.myappfangf.R$drawable: int ic_launcher
com.android.myappfangf.R$drawable: int ico
com.android.myappfangf.R$drawable: int ico1
com.android.myappfangf.R$drawable: int image_list_open_item
com.android.myappfangf.R$id: int adLayout
com.android.myappfangf.R$id: int ad_other
com.android.myappfangf.R$id: int ad_recommnet
com.android.myappfangf.R$id: int back_btn
com.android.myappfangf.R$id: int btn1
com.android.myappfangf.R$id: int btn2
com.android.myappfangf.R$id: int btn3
com.android.myappfangf.R$id: int btn4
com.android.myappfangf.R$id: int btn5
com.android.myappfangf.R$id: int btn6
com.android.myappfangf.R$id: int btn7
com.android.myappfangf.R$id: int dream_grp_name
com.android.myappfangf.R$id: int dream_info_back
com.android.myappfangf.R$id: int dream_info_back_layout
com.android.myappfangf.R$id: int dream_info_title
com.android.myappfangf.R$id: int dream_info_txt
com.android.myappfangf.R$id: int dream_item_layout
com.android.myappfangf.R$id: int dream_list
com.android.myappfangf.R$id: int dream_lst_back
com.android.myappfangf.R$id: int dream_lst_back_layout
com.android.myappfangf.R$id: int dreaminfo_info_layout
com.android.myappfangf.R$id: int dreaminfo_layout
com.android.myappfangf.R$id: int dreamlist_item_info_layout
com.android.myappfangf.R$id: int dreamlist_line
com.android.myappfangf.R$id: int exitBtn0
com.android.myappfangf.R$id: int exitBtn1
com.android.myappfangf.R$id: int exit_layout
com.android.myappfangf.R$id: int relativeLayout1
com.android.myappfangf.R$id: int title
com.android.myappfangf.R$id: int update_progress
...
net.youmi.android.smart.b.a.a
net.youmi.android.smart.b.a.a: a()
net.youmi.android.smart.b.a.a: java.lang.String a(net.youmi.android.a.h.e,net.youmi.android.a.h.b,java.lang.String)
net.youmi.android.smart.b.a.a: org.json.JSONObject a(net.youmi.android.a.h.e,net.youmi.android.a.h.b,org.json.JSONObject)
net.youmi.android.smart.b.a.b
net.youmi.android.smart.b.a.b: b()
net.youmi.android.smart.b.a.b: org.json.JSONObject a(net.youmi.android.a.h.e,net.youmi.android.a.h.b,org.json.JSONObject)
net.youmi.android.smart.b.a.c
net.youmi.android.smart.b.a.c: int[] a
net.youmi.android.smart.b.a.c: void <clinit>()
net.youmi.android.smart.b.b
net.youmi.android.smart.b.b: int e
net.youmi.android.smart.b.b: b(android.content.Context,net.youmi.android.a.k.a.d,net.youmi.android.a.h.l,int)
net.youmi.android.smart.b.b: android.content.Context a()
net.youmi.android.smart.b.b: net.youmi.android.a.h.f c()
net.youmi.android.smart.b.b: android.app.Activity b()
net.youmi.android.smart.b.b: int d()
net.youmi.android.smart.b.b: int e()
net.youmi.android.smart.b.b: java.lang.String a(java.lang.String,java.lang.String)
net.youmi.android.smart.b.b: java.lang.String a(net.youmi.android.a.h.j)
net.youmi.android.smart.b.b: net.youmi.android.a.h.f f()
net.youmi.android.smart.b.b: net.youmi.android.a.h.f a(net.youmi.android.a.h.m)
net.youmi.android.smart.b.b: net.youmi.android.a.h.f b(net.youmi.android.a.h.p)
net.youmi.android.smart.b.b: net.youmi.android.a.h.f a(net.youmi.android.a.h.p)
net.youmi.android.smart.b.b: net.youmi.android.a.h.f a(net.youmi.android.a.h.i,net.youmi.android.a.h.o)
net.youmi.android.smart.b.b: net.youmi.android.a.h.f a(android.content.Context,java.util.List)
net.youmi.android.smart.b.b: net.youmi.android.a.h.f a(java.lang.String,java.lang.String,java.lang.String,long)
net.youmi.android.smart.b.b: net.youmi.android.a.h.f a(java.lang.String)
net.youmi.android.smart.b.b: void a(net.youmi.android.a.k.a.d)
net.youmi.android.smart.b.b: net.youmi.android.a.h.f a(int,net.youmi.android.a.h.j)
net.youmi.android.smart.b.b: net.youmi.android.a.h.f a(net.youmi.android.a.h.n)
net.youmi.android.smart.c
net.youmi.android.smart.c: android.content.Context a
net.youmi.android.smart.c: int b
net.youmi.android.smart.c: int c
net.youmi.android.smart.c: c(android.content.Context,int,int)
net.youmi.android.smart.c: void run()
net.youmi.android.smart.c.a
net.youmi.android.smart.c.a: java.lang.String a
net.youmi.android.smart.c.a: long b
net.youmi.android.smart.c.a: long c
net.youmi.android.smart.c.a: long d
net.youmi.android.smart.c.a: long e
net.youmi.android.smart.c.a: a()
net.youmi.android.smart.c.a: long a()
net.youmi.android.smart.c.a: void a(long)
net.youmi.android.smart.c.a: void a(java.lang.String)
net.youmi.android.smart.c.a: long b()
net.youmi.android.smart.c.a: void b(long)
net.youmi.android.smart.c.a: void c(long)
net.youmi.android.smart.c.a: long c()
net.youmi.android.smart.c.a: void d(long)
net.youmi.android.smart.c.a: void e(long)
net.youmi.android.smart.d
net.youmi.android.smart.d: android.content.Context a
net.youmi.android.smart.d: java.lang.String b
net.youmi.android.smart.d: java.lang.String c
net.youmi.android.smart.d: java.lang.String d
net.youmi.android.smart.d: int e
net.youmi.android.smart.d: int f
net.youmi.android.smart.d: int g
net.youmi.android.smart.d: int h
net.youmi.android.smart.d: d(android.content.Context,java.lang.String,java.lang.String,int,int,int,int)
net.youmi.android.smart.d: java.lang.String a(java.lang.Void[])
net.youmi.android.smart.d: void a(java.lang.String)
net.youmi.android.smart.d: void onPostExecute(java.lang.Object)
net.youmi.android.smart.d: java.lang.Object doInBackground(java.lang.Object[])
net.youmi.android.smart.e
net.youmi.android.smart.e: android.content.Context a
net.youmi.android.smart.e: net.youmi.android.smart.a.b b
net.youmi.android.smart.e: e(android.content.Context,net.youmi.android.smart.a.b)
net.youmi.android.smart.e: void run()