proguard/mapping.txt
com.umeng.newxp.controller.h -> com.umeng.newxp.controller.h:
    com.umeng.newxp.controller.g a -> a
    void handleMessage(android.os.Message) -> handleMessage
com.umeng.newxp.d -> com.umeng.newxp.d:
    java.lang.String toString() -> toString
com.umeng.newxp.e -> com.umeng.newxp.e:
    java.lang.String toString() -> toString
com.umeng.newxp.net.XpReportClient -> com.umeng.newxp.net.XpReportClient:
    java.lang.String a -> a
    java.lang.String b -> b
    com.umeng.newxp.controller.XpListenersCenter$ReportListener c -> c
    java.util.List d -> d
    android.content.Context e -> e
    com.umeng.common.net.o$a send(com.umeng.common.net.n) -> send
    void a(android.content.SharedPreferences$Editor,com.umeng.common.net.n) -> a
    void a(android.content.SharedPreferences,android.content.SharedPreferences$Editor,int) -> a
    void registerReportListener(com.umeng.newxp.controller.XpListenersCenter$ReportListener) -> registerReportListener
    void unregisterReportListener(com.umeng.newxp.controller.XpListenersCenter$ReportListener) -> unregisterReportListener
    java.util.List a() -> a
com.umeng.newxp.net.a -> com.umeng.newxp.net.a:
    java.lang.String[] a -> a
    com.umeng.common.net.o$a send(com.umeng.common.net.n) -> send
    java.lang.String[] getReprotList() -> getReprotList
com.umeng.newxp.net.b -> com.umeng.newxp.net.b:
    java.lang.String[] a -> a
    com.umeng.newxp.net.g a(com.umeng.newxp.net.f) -> a
com.umeng.newxp.net.c -> com.umeng.newxp.net.c:
    java.lang.String b -> b
    java.lang.String a -> a
    android.content.Context c -> c
    com.umeng.common.net.a d -> d
    com.umeng.newxp.net.e e -> e
    com.umeng.newxp.Promoter f -> f
    void a() -> a
    com.umeng.newxp.Promoter a(com.umeng.newxp.net.c) -> a
    android.content.Context b(com.umeng.newxp.net.c) -> b
    java.lang.String b() -> b
    com.umeng.newxp.net.e c(com.umeng.newxp.net.c) -> c
com.umeng.newxp.net.c$a -> com.umeng.newxp.net.c$a:
    java.lang.String b -> b
    com.umeng.common.net.c c -> c
    com.umeng.newxp.net.c a -> a
    void a() -> a
    void a(int) -> a
    void a(int,int,java.lang.String) -> a
    void b(int) -> b
com.umeng.newxp.net.d -> com.umeng.newxp.net.d:
    void onReportStart(java.util.Map) -> onReportStart
    void onReportEnd(com.umeng.common.net.o$a) -> onReportEnd
com.umeng.newxp.net.e -> com.umeng.newxp.net.e:
    java.util.Map a -> a
    java.lang.String[] e -> e
    java.lang.String c() -> c
    org.json.JSONObject a() -> a
    com.umeng.newxp.net.e a(org.json.JSONObject) -> a
    java.lang.String b() -> b
    java.lang.String e() -> e
com.umeng.newxp.net.e$a -> com.umeng.newxp.net.e$a:
    java.lang.String c -> c
    java.lang.String d -> d
    java.lang.String e -> e
    java.lang.String f -> f
    java.lang.String g -> g
    java.lang.String h -> h
    java.lang.String i -> i
    java.lang.String j -> j
    int k -> k
    long l -> l
    java.lang.String m -> m
    java.lang.String n -> n
    java.lang.String o -> o
    java.lang.String p -> p
    java.lang.String q -> q
    int r -> r
    int s -> s
    int t -> t
    int u -> u
    java.lang.String v -> v
    java.util.Random w -> w
    int x -> x
    int y -> y
    java.lang.String z -> z
    int A -> A
    int B -> B
    android.content.Context a -> a
    java.util.List b -> b
    com.umeng.newxp.net.e$a a(java.lang.String) -> a
    com.umeng.newxp.net.e$a b(java.lang.String) -> b
    com.umeng.newxp.net.e$a c(java.lang.String) -> c
    com.umeng.newxp.net.e$a a(int) -> a
    com.umeng.newxp.net.e$a b(int) -> b
    com.umeng.newxp.net.e$a c(int) -> c
    com.umeng.newxp.net.e$a d(int) -> d
    com.umeng.newxp.net.e$a e(int) -> e
    com.umeng.newxp.net.e$a f(int) -> f
    com.umeng.newxp.net.e$a d(java.lang.String) -> d
    com.umeng.newxp.net.e$a a(com.umeng.newxp.Promoter[]) -> a
    com.umeng.newxp.net.e a() -> a
    java.util.Map b() -> b
    boolean a(java.util.Map) -> a
    java.util.Map c() -> c