proguard/usage.txt
com.android.myappfangf.BuildConfig
com.android.myappfangf.R
com.android.myappfangf.R$attr
com.android.myappfangf.R$color
com.android.myappfangf.R$dimen
com.android.myappfangf.R$drawable
com.android.myappfangf.R$id
com.android.myappfangf.R$layout
com.android.myappfangf.R$menu
com.android.myappfangf.R$string
com.android.myappfangf.R$style
...
android.support.v4.widget.SearchViewCompat$OnCloseListenerCompat
android.support.v4.widget.SearchViewCompat$OnQueryTextListenerCompat
android.support.v4.widget.SearchViewCompat$SearchViewCompatHoneycombImpl
android.support.v4.widget.SearchViewCompat$SearchViewCompatHoneycombImpl$1
android.support.v4.widget.SearchViewCompat$SearchViewCompatHoneycombImpl$2
android.support.v4.widget.SearchViewCompat$SearchViewCompatIcsImpl
android.support.v4.widget.SearchViewCompat$SearchViewCompatImpl
android.support.v4.widget.SearchViewCompat$SearchViewCompatStubImpl
android.support.v4.widget.SearchViewCompatHoneycomb
android.support.v4.widget.SearchViewCompatHoneycomb$1
android.support.v4.widget.SearchViewCompatHoneycomb$2
android.support.v4.widget.SearchViewCompatHoneycomb$OnCloseListenerCompatBridge
android.support.v4.widget.SearchViewCompatHoneycomb$OnQueryTextListenerCompatBridge
android.support.v4.widget.SearchViewCompatIcs
android.support.v4.widget.SearchViewCompatIcs$MySearchView
android.support.v4.widget.SimpleCursorAdapter
android.support.v4.widget.SimpleCursorAdapter$CursorToStringConverter
android.support.v4.widget.SimpleCursorAdapter$ViewBinder
android.support.v4.widget.SlidingPaneLayout:
    private static final java.lang.String TAG
    private static final int DEFAULT_OVERHANG_SIZE
    private static final int DEFAULT_FADE_COLOR
    private static final int MIN_FLING_VELOCITY
    246:247:public SlidingPaneLayout(android.content.Context)
    250:251:public SlidingPaneLayout(android.content.Context,android.util.AttributeSet)
    254:269:public SlidingPaneLayout(android.content.Context,android.util.AttributeSet,int)
    330:333:void dispatchOnPanelSlide(android.view.View)
    336:340:void dispatchOnPanelOpened(android.view.View)
    343:347:void dispatchOnPanelClosed(android.view.View)
    815:816:public void smoothSlideOpen()
    833:834:public void smoothSlideClosed()
    862:862:public boolean canSlide()
    876:889:private void onPanelDragged(int)
    1070:1089:protected boolean canScroll(android.view.View,boolean,int,int,int)
    90:90:static synthetic boolean access$100(android.support.v4.widget.SlidingPaneLayout)
    90:90:static synthetic android.support.v4.widget.ViewDragHelper access$200(android.support.v4.widget.SlidingPaneLayout)
    90:90:static synthetic float access$300(android.support.v4.widget.SlidingPaneLayout)
    90:90:static synthetic android.view.View access$400(android.support.v4.widget.SlidingPaneLayout)
    90:90:static synthetic boolean access$502(android.support.v4.widget.SlidingPaneLayout,boolean)
    90:90:static synthetic void access$600(android.support.v4.widget.SlidingPaneLayout,int)
android.support.v4.widget.SlidingPaneLayout$AccessibilityDelegate
android.support.v4.widget.SlidingPaneLayout$DragHelperCallback
android.support.v4.widget.SlidingPaneLayout$LayoutParams:
    1244:1245:public SlidingPaneLayout$LayoutParams(int,int)
    1256:1258:public SlidingPaneLayout$LayoutParams(android.support.v4.widget.SlidingPaneLayout$LayoutParams)
android.support.v4.widget.SlidingPaneLayout$PanelSlideListener:
    public abstract void onPanelSlide(android.view.View,float)
    public abstract void onPanelOpened(android.view.View)
    public abstract void onPanelClosed(android.view.View)
android.support.v4.widget.SlidingPaneLayout$SimplePanelSlideListener